<?xml version="1.0" encoding="UTF-8"?>
<testng-results ignored="0" total="2" passed="2" failed="0" skipped="0">
  <reporter-output>
  </reporter-output>
  <suite started-at="2025-07-23T08:45:25 IST" name="Suite" finished-at="2025-07-23T08:47:07 IST" duration-ms="101621">
    <groups>
    </groups>
    <test started-at="2025-07-23T08:45:25 IST" name="Test" finished-at="2025-07-23T08:47:07 IST" duration-ms="101621">
      <class name="assertion.AssertionExample">
        <test-method signature="method1()[pri:0, instance:assertion.AssertionExample@3754a4bf]" started-at="2025-07-23T08:45:25 IST" name="method1" finished-at="2025-07-23T08:45:32 IST" duration-ms="6617" status="PASS">
          <reporter-output>
          </reporter-output>
        </test-method> <!-- method1 -->
        <test-method signature="method2(java.lang.String)[pri:0, instance:assertion.AssertionExample@3754a4bf]" started-at="2025-07-23T08:45:32 IST" name="method2" finished-at="2025-07-23T08:47:07 IST" duration-ms="94854" status="PASS">
          <params>
            <param index="0">
              <value>
                <![CDATA[firefox]]>
              </value>
            </param>
          </params>
          <reporter-output>
          </reporter-output>
        </test-method> <!-- method2 -->
      </class> <!-- assertion.AssertionExample -->
    </test> <!-- Test -->
  </suite> <!-- Suite -->
</testng-results>
